生成启动时间为 2016/1/9 17:21:36。
     1>项目“E:\BT_Printer\Tool\Bin_Pack_for_Upgrade\Pack_ext\Pack_ext\Pack_ext.vcxproj”在节点 2 上(rebuild 个目标)。
     1>InitializeBuildStatus:
         正在创建“Release\File_Convert.unsuccessfulbuild”，因为已指定“AlwaysCreate”。
       ClCompile:
         C:\Program Files\Microsoft Visual Studio 10.0\VC\bin\CL.exe /c /Zi /nologo /W3 /WX- /O2 /Oi /Oy- /GL /D WIN32 /D NDEBUG /D _CONSOLE /D _UNICODE /D UNICODE /Gm- /EHsc /MD /GS /Gy /fp:precise /Zc:wchar_t /Zc:forScope /Yc"StdAfx.h" /Fp"Release\File_Convertor.pch" /Fo"Release\\" /Fd"Release\vc100.pdb" /Gd /TP /analyze- /errorReport:prompt stdafx.cpp
         stdafx.cpp
         C:\Program Files\Microsoft Visual Studio 10.0\VC\bin\CL.exe /c /Zi /nologo /W3 /WX- /O2 /Oi /Oy- /GL /D WIN32 /D NDEBUG /D _CONSOLE /D _UNICODE /D UNICODE /Gm- /EHsc /MD /GS /Gy /fp:precise /Zc:wchar_t /Zc:forScope /Yu"StdAfx.h" /Fp"Release\File_Convertor.pch" /Fo"Release\\" /Fd"Release\vc100.pdb" /Gd /TP /analyze- /errorReport:prompt Pack_ext.cpp
         Pack_ext.cpp
     1>Pack_ext.cpp(30): warning C4996: 'wcstombs': This function or variable may be unsafe. Consider using wcstombs_s instead. To disable deprecation, use _CRT_SECURE_NO_WARNINGS. See online help for details.
                 C:\Program Files\Microsoft Visual Studio 10.0\VC\include\stdlib.h(533) : 参见“wcstombs”的声明
     1>Pack_ext.cpp(68): warning C4244: “=”: 从“_TCHAR”转换到“char”，可能丢失数据
     1>Pack_ext.cpp(73): warning C4996: 'getch': The POSIX name for this item is deprecated. Instead, use the ISO C++ conformant name: _getch. See online help for details.
                 C:\Program Files\Microsoft Visual Studio 10.0\VC\include\conio.h(128) : 参见“getch”的声明
     1>Pack_ext.cpp(80): warning C4996: 'getch': The POSIX name for this item is deprecated. Instead, use the ISO C++ conformant name: _getch. See online help for details.
                 C:\Program Files\Microsoft Visual Studio 10.0\VC\include\conio.h(128) : 参见“getch”的声明
     1>Pack_ext.cpp(86): warning C4996: 'fopen': This function or variable may be unsafe. Consider using fopen_s instead. To disable deprecation, use _CRT_SECURE_NO_WARNINGS. See online help for details.
                 C:\Program Files\Microsoft Visual Studio 10.0\VC\include\stdio.h(234) : 参见“fopen”的声明
     1>Pack_ext.cpp(90): warning C4996: 'getch': The POSIX name for this item is deprecated. Instead, use the ISO C++ conformant name: _getch. See online help for details.
                 C:\Program Files\Microsoft Visual Studio 10.0\VC\include\conio.h(128) : 参见“getch”的声明
     1>Pack_ext.cpp(94): warning C4996: 'fopen': This function or variable may be unsafe. Consider using fopen_s instead. To disable deprecation, use _CRT_SECURE_NO_WARNINGS. See online help for details.
                 C:\Program Files\Microsoft Visual Studio 10.0\VC\include\stdio.h(234) : 参见“fopen”的声明
     1>Pack_ext.cpp(98): warning C4996: 'getch': The POSIX name for this item is deprecated. Instead, use the ISO C++ conformant name: _getch. See online help for details.
                 C:\Program Files\Microsoft Visual Studio 10.0\VC\include\conio.h(128) : 参见“getch”的声明
     1>Pack_ext.cpp(124): warning C4996: 'getch': The POSIX name for this item is deprecated. Instead, use the ISO C++ conformant name: _getch. See online help for details.
                 C:\Program Files\Microsoft Visual Studio 10.0\VC\include\conio.h(128) : 参见“getch”的声明
     1>Pack_ext.cpp(143): warning C4996: 'getch': The POSIX name for this item is deprecated. Instead, use the ISO C++ conformant name: _getch. See online help for details.
                 C:\Program Files\Microsoft Visual Studio 10.0\VC\include\conio.h(128) : 参见“getch”的声明
     1>Pack_ext.cpp(171): warning C4996: 'getch': The POSIX name for this item is deprecated. Instead, use the ISO C++ conformant name: _getch. See online help for details.
                 C:\Program Files\Microsoft Visual Studio 10.0\VC\include\conio.h(128) : 参见“getch”的声明
     1>Pack_ext.cpp(204): warning C4996: 'getch': The POSIX name for this item is deprecated. Instead, use the ISO C++ conformant name: _getch. See online help for details.
                 C:\Program Files\Microsoft Visual Studio 10.0\VC\include\conio.h(128) : 参见“getch”的声明
     1>Pack_ext.cpp(231): warning C4996: 'getch': The POSIX name for this item is deprecated. Instead, use the ISO C++ conformant name: _getch. See online help for details.
                 C:\Program Files\Microsoft Visual Studio 10.0\VC\include\conio.h(128) : 参见“getch”的声明
       Link:
         C:\Program Files\Microsoft Visual Studio 10.0\VC\bin\link.exe /ERRORREPORT:PROMPT /OUT:"E:\BT_Printer\Tool\Bin_Pack_for_Upgrade\Pack_ext\Release\File_Convertor.exe" /INCREMENTAL:NO /NOLOGO kernel32.lib user32.lib gdi32.lib winspool.lib comdlg32.lib advapi32.lib shell32.lib ole32.lib oleaut32.lib uuid.lib odbc32.lib odbccp32.lib /MANIFEST /ManifestFile:"Release\File_Convertor.exe.intermediate.manifest" /MANIFESTUAC:"level='asInvoker' uiAccess='false'" /DEBUG /PDB:"E:\BT_Printer\Tool\Bin_Pack_for_Upgrade\Pack_ext\Release\File_Convertor.pdb" /SUBSYSTEM:CONSOLE /OPT:REF /OPT:ICF /LTCG /TLBID:1 /DYNAMICBASE /NXCOMPAT /IMPLIB:"E:\BT_Printer\Tool\Bin_Pack_for_Upgrade\Pack_ext\Release\File_Convertor.lib" /MACHINE:X86 Release\Pack_ext.obj
         Release\stdafx.obj
         正在生成代码
         已完成代码的生成
         Pack_ext.vcxproj -> E:\BT_Printer\Tool\Bin_Pack_for_Upgrade\Pack_ext\Release\File_Convertor.exe
       Manifest:
         C:\Program Files\Microsoft SDKs\Windows\v7.0A\bin\mt.exe /nologo /verbose /outputresource:"E:\BT_Printer\Tool\Bin_Pack_for_Upgrade\Pack_ext\Release\File_Convertor.exe;#1" /manifest Release\File_Convertor.exe.intermediate.manifest
       FinalizeBuildStatus:
         正在删除文件“Release\File_Convert.unsuccessfulbuild”。
         正在对“Release\File_Convert.lastbuildstate”执行 Touch 任务。
     1>已完成生成项目“E:\BT_Printer\Tool\Bin_Pack_for_Upgrade\Pack_ext\Pack_ext\Pack_ext.vcxproj”(rebuild 个目标)的操作。

生成成功。

已用时间 00:00:01.75
